<?xml version="1.0" encoding="UTF-8"?>
<!-- Generated by org.testng.reporters.JUnitReportReporter -->
<testsuite hostname="LAPTOP-5SL2JFF8" failures="0" tests="1" name="runner.MainRunnerTest" time="7.026" errors="0" timestamp="2023-10-15T11:58:50 CEST" skipped="0">
  <testcase classname="runner.MainRunnerTest" name="runScenario" time="7.026"/>
</testsuite> <!-- runner.MainRunnerTest -->
