<?xml version="1.0" encoding="UTF-8"?>
<!-- Generated by org.testng.reporters.JUnitReportReporter -->
<testsuite hostname="LAPTOP-5SL2JFF8" failures="0" tests="1" name="runner.MainRunnerTest" time="0.136" errors="0" timestamp="2023-10-14T22:56:35 CEST" skipped="0">
  <testcase classname="runner.MainRunnerTest" name="runScenario" time="0.136"/>
</testsuite> <!-- runner.MainRunnerTest -->
